[22:33:30] [ERROR] CConnection::CConnection - establishing connection to MySQL database failed: #1045 'Access denied for user 'username'@'localhost' (using password: YES)'
[22:33:30] [ERROR] CConnection::CConnection - establishing connection to MySQL database failed: #1045 'Access denied for user 'username'@'localhost' (using password: YES)'
[22:33:30] [ERROR] CConnection::CConnection - establishing connection to MySQL database failed: #1045 'Access denied for user 'username'@'localhost' (using password: YES)'
[22:33:30] [ERROR] CConnection::CConnection - establishing connection to MySQL database failed: #1045 'Access denied for user 'username'@'localhost' (using password: YES)'
[22:33:30] [ERROR] CConnection::CConnection - establishing connection to MySQL database failed: #1045 'Access denied for user 'username'@'localhost' (using password: YES)'
[22:33:30] [ERROR] CConnection::CConnection - establishing connection to MySQL database failed: #1045 'Access denied for user 'username'@'localhost' (using password: YES)'
[22:33:30] [ERROR] CConnection::CConnection - establishing connection to MySQL database failed: #1045 'Access denied for user 'username'@'localhost' (using password: YES)'
[22:33:30] [ERROR] CConnection::CConnection - establishing connection to MySQL database failed: #1045 'Access denied for user 'username'@'localhost' (using password: YES)'
[22:34:21] [ERROR] CConnection::CConnection - establishing connection to MySQL database failed: #1045 'Access denied for user 'username'@'localhost' (using password: YES)'
[22:34:21] [ERROR] CConnection::CConnection - establishing connection to MySQL database failed: #1045 'Access denied for user 'username'@'localhost' (using password: YES)'
[22:34:21] [ERROR] CConnection::CConnection - establishing connection to MySQL database failed: #1045 'Access denied for user 'username'@'localhost' (using password: YES)'
[22:34:21] [ERROR] CConnection::CConnection - establishing connection to MySQL database failed: #1045 'Access denied for user 'username'@'localhost' (using password: YES)'
[22:34:43] [ERROR] CConnection::CConnection - establishing connection to MySQL database failed: #1045 'Access denied for user 'username'@'localhost' (using password: YES)'
[22:34:43] [ERROR] CConnection::CConnection - establishing connection to MySQL database failed: #1045 'Access denied for user 'username'@'localhost' (using password: YES)'
[22:34:43] [ERROR] CConnection::CConnection - establishing connection to MySQL database failed: #1045 'Access denied for user 'username'@'localhost' (using password: YES)'
[22:34:43] [ERROR] CConnection::CConnection - establishing connection to MySQL database failed: #1045 'Access denied for user 'username'@'localhost' (using password: YES)'
[22:35:42] [ERROR] CConnection::CConnection - establishing connection to MySQL database failed: #1045 'Access denied for user 'username'@'localhost' (using password: YES)'
[22:35:42] [ERROR] CConnection::CConnection - establishing connection to MySQL database failed: #1045 'Access denied for user 'username'@'localhost' (using password: YES)'
[22:35:42] [ERROR] CConnection::CConnection - establishing connection to MySQL database failed: #1045 'Access denied for user 'username'@'localhost' (using password: YES)'
[22:35:42] [ERROR] CConnection::CConnection - establishing connection to MySQL database failed: #1045 'Access denied for user 'username'@'localhost' (using password: YES)'
[22:36:03] [ERROR] CConnection::CConnection - establishing connection to MySQL database failed: #1045 'Access denied for user 'username'@'localhost' (using password: YES)'
[22:36:03] [ERROR] CConnection::CConnection - establishing connection to MySQL database failed: #1045 'Access denied for user 'username'@'localhost' (using password: YES)'
[22:36:03] [ERROR] CConnection::CConnection - establishing connection to MySQL database failed: #1045 'Access denied for user 'username'@'localhost' (using password: YES)'
[22:36:03] [ERROR] CConnection::CConnection - establishing connection to MySQL database failed: #1045 'Access denied for user 'username'@'localhost' (using password: YES)'
[22:36:09] [ERROR] CConnection::CConnection - establishing connection to MySQL database failed: #1045 'Access denied for user 'username'@'localhost' (using password: YES)'
[22:36:09] [ERROR] CConnection::CConnection - establishing connection to MySQL database failed: #1045 'Access denied for user 'username'@'localhost' (using password: YES)'
[22:36:09] [ERROR] CConnection::CConnection - establishing connection to MySQL database failed: #1045 'Access denied for user 'username'@'localhost' (using password: YES)'
[22:36:09] [ERROR] CConnection::CConnection - establishing connection to MySQL database failed: #1045 'Access denied for user 'username'@'localhost' (using password: YES)'
[22:36:55] [ERROR] CConnection::CConnection - establishing connection to MySQL database failed: #1045 'Access denied for user 'username'@'localhost' (using password: YES)'
[22:36:55] [ERROR] CConnection::CConnection - establishing connection to MySQL database failed: #1045 'Access denied for user 'username'@'localhost' (using password: YES)'
[22:36:55] [ERROR] CConnection::CConnection - establishing connection to MySQL database failed: #1045 'Access denied for user 'username'@'localhost' (using password: YES)'
[22:36:55] [ERROR] CConnection::CConnection - establishing connection to MySQL database failed: #1045 'Access denied for user 'username'@'localhost' (using password: YES)'
[22:37:13] [ERROR] CConnection::CConnection - establishing connection to MySQL database failed: #1045 'Access denied for user 'username'@'localhost' (using password: YES)'
[22:37:13] [ERROR] CConnection::CConnection - establishing connection to MySQL database failed: #1045 'Access denied for user 'username'@'localhost' (using password: YES)'
[22:37:13] [ERROR] CConnection::CConnection - establishing connection to MySQL database failed: #1045 'Access denied for user 'username'@'localhost' (using password: YES)'
[22:37:13] [ERROR] CConnection::CConnection - establishing connection to MySQL database failed: #1045 'Access denied for user 'username'@'localhost' (using password: YES)'
[22:37:25] [ERROR] CConnection::CConnection - establishing connection to MySQL database failed: #1045 'Access denied for user 'username'@'localhost' (using password: YES)'
[22:37:25] [ERROR] CConnection::CConnection - establishing connection to MySQL database failed: #1045 'Access denied for user 'username'@'localhost' (using password: YES)'
[22:37:25] [ERROR] CConnection::CConnection - establishing connection to MySQL database failed: #1045 'Access denied for user 'username'@'localhost' (using password: YES)'
[22:37:25] [ERROR] CConnection::CConnection - establishing connection to MySQL database failed: #1045 'Access denied for user 'username'@'localhost' (using password: YES)'
[22:37:30] [ERROR] CConnection::CConnection - establishing connection to MySQL database failed: #1045 'Access denied for user 'username'@'localhost' (using password: YES)'
[22:37:30] [ERROR] CConnection::CConnection - establishing connection to MySQL database failed: #1045 'Access denied for user 'username'@'localhost' (using password: YES)'
[22:37:30] [ERROR] CConnection::CConnection - establishing connection to MySQL database failed: #1045 'Access denied for user 'username'@'localhost' (using password: YES)'
[22:37:30] [ERROR] CConnection::CConnection - establishing connection to MySQL database failed: #1045 'Access denied for user 'username'@'localhost' (using password: YES)'
[22:37:56] [ERROR] CConnection::CConnection - establishing connection to MySQL database failed: #1045 'Access denied for user 'username'@'localhost' (using password: YES)'
[22:37:56] [ERROR] CConnection::CConnection - establishing connection to MySQL database failed: #1045 'Access denied for user 'username'@'localhost' (using password: YES)'
[22:37:56] [ERROR] CConnection::CConnection - establishing connection to MySQL database failed: #1045 'Access denied for user 'username'@'localhost' (using password: YES)'
[22:37:56] [ERROR] CConnection::CConnection - establishing connection to MySQL database failed: #1045 'Access denied for user 'username'@'localhost' (using password: YES)'
[22:38:39] [ERROR] CConnection::CConnection - establishing connection to MySQL database failed: #1045 'Access denied for user 'username'@'localhost' (using password: YES)'
[22:38:39] [ERROR] CConnection::CConnection - establishing connection to MySQL database failed: #1045 'Access denied for user 'username'@'localhost' (using password: YES)'
[22:38:39] [ERROR] CConnection::CConnection - establishing connection to MySQL database failed: #1045 'Access denied for user 'username'@'localhost' (using password: YES)'
[22:38:39] [ERROR] CConnection::CConnection - establishing connection to MySQL database failed: #1045 'Access denied for user 'username'@'localhost' (using password: YES)'
[22:38:46] [ERROR] CConnection::CConnection - establishing connection to MySQL database failed: #1045 'Access denied for user 'username'@'localhost' (using password: YES)'
[22:38:46] [ERROR] CConnection::CConnection - establishing connection to MySQL database failed: #1045 'Access denied for user 'username'@'localhost' (using password: YES)'
[22:38:46] [ERROR] CConnection::CConnection - establishing connection to MySQL database failed: #1045 'Access denied for user 'username'@'localhost' (using password: YES)'
[22:38:46] [ERROR] CConnection::CConnection - establishing connection to MySQL database failed: #1045 'Access denied for user 'username'@'localhost' (using password: YES)'
[22:38:52] [ERROR] CConnection::CConnection - establishing connection to MySQL database failed: #1045 'Access denied for user 'username'@'localhost' (using password: YES)'
[22:38:52] [ERROR] CConnection::CConnection - establishing connection to MySQL database failed: #1045 'Access denied for user 'username'@'localhost' (using password: YES)'
[22:38:52] [ERROR] CConnection::CConnection - establishing connection to MySQL database failed: #1045 'Access denied for user 'username'@'localhost' (using password: YES)'
[22:38:52] [ERROR] CConnection::CConnection - establishing connection to MySQL database failed: #1045 'Access denied for user 'username'@'localhost' (using password: YES)'
[22:39:21] [ERROR] CConnection::CConnection - establishing connection to MySQL database failed: #1045 'Access denied for user 'username'@'localhost' (using password: YES)'
[22:39:21] [ERROR] CConnection::CConnection - establishing connection to MySQL database failed: #1045 'Access denied for user 'username'@'localhost' (using password: YES)'
[22:39:21] [ERROR] CConnection::CConnection - establishing connection to MySQL database failed: #1045 'Access denied for user 'username'@'localhost' (using password: YES)'
[22:39:21] [ERROR] CConnection::CConnection - establishing connection to MySQL database failed: #1045 'Access denied for user 'username'@'localhost' (using password: YES)'
[22:39:26] [ERROR] CConnection::CConnection - establishing connection to MySQL database failed: #1045 'Access denied for user 'username'@'localhost' (using password: YES)'
[22:39:26] [ERROR] CConnection::CConnection - establishing connection to MySQL database failed: #1045 'Access denied for user 'username'@'localhost' (using password: YES)'
[22:39:26] [ERROR] CConnection::CConnection - establishing connection to MySQL database failed: #1045 'Access denied for user 'username'@'localhost' (using password: YES)'
[22:39:26] [ERROR] CConnection::CConnection - establishing connection to MySQL database failed: #1045 'Access denied for user 'username'@'localhost' (using password: YES)'
[22:39:32] [ERROR] CConnection::CConnection - establishing connection to MySQL database failed: #1045 'Access denied for user 'username'@'localhost' (using password: YES)'
[22:39:32] [ERROR] CConnection::CConnection - establishing connection to MySQL database failed: #1045 'Access denied for user 'username'@'localhost' (using password: YES)'
[22:39:32] [ERROR] CConnection::CConnection - establishing connection to MySQL database failed: #1045 'Access denied for user 'username'@'localhost' (using password: YES)'
[22:39:32] [ERROR] CConnection::CConnection - establishing connection to MySQL database failed: #1045 'Access denied for user 'username'@'localhost' (using password: YES)'
[22:39:34] [ERROR] CConnection::CConnection - establishing connection to MySQL database failed: #1045 'Access denied for user 'username'@'localhost' (using password: YES)'
[22:39:34] [ERROR] CConnection::CConnection - establishing connection to MySQL database failed: #1045 'Access denied for user 'username'@'localhost' (using password: YES)'
[22:39:34] [ERROR] CConnection::CConnection - establishing connection to MySQL database failed: #1045 'Access denied for user 'username'@'localhost' (using password: YES)'
[22:39:34] [ERROR] CConnection::CConnection - establishing connection to MySQL database failed: #1045 'Access denied for user 'username'@'localhost' (using password: YES)'
[22:39:39] [ERROR] CConnection::CConnection - establishing connection to MySQL database failed: #1045 'Access denied for user 'username'@'localhost' (using password: YES)'
[22:39:39] [ERROR] CConnection::CConnection - establishing connection to MySQL database failed: #1045 'Access denied for user 'username'@'localhost' (using password: YES)'
[22:39:39] [ERROR] CConnection::CConnection - establishing connection to MySQL database failed: #1045 'Access denied for user 'username'@'localhost' (using password: YES)'
[22:39:39] [ERROR] CConnection::CConnection - establishing connection to MySQL database failed: #1045 'Access denied for user 'username'@'localhost' (using password: YES)'
[22:39:49] [ERROR] CConnection::CConnection - establishing connection to MySQL database failed: #1045 'Access denied for user 'username'@'localhost' (using password: YES)'
[22:39:49] [ERROR] CConnection::CConnection - establishing connection to MySQL database failed: #1045 'Access denied for user 'username'@'localhost' (using password: YES)'
[22:39:49] [ERROR] CConnection::CConnection - establishing connection to MySQL database failed: #1045 'Access denied for user 'username'@'localhost' (using password: YES)'
[22:39:49] [ERROR] CConnection::CConnection - establishing connection to MySQL database failed: #1045 'Access denied for user 'username'@'localhost' (using password: YES)'
[22:40:30] [ERROR] CConnection::CConnection - establishing connection to MySQL database failed: #1045 'Access denied for user 'username'@'localhost' (using password: YES)'
[22:40:30] [ERROR] CConnection::CConnection - establishing connection to MySQL database failed: #1045 'Access denied for user 'username'@'localhost' (using password: YES)'
[22:40:30] [ERROR] CConnection::CConnection - establishing connection to MySQL database failed: #1045 'Access denied for user 'username'@'localhost' (using password: YES)'
[22:40:30] [ERROR] CConnection::CConnection - establishing connection to MySQL database failed: #1045 'Access denied for user 'username'@'localhost' (using password: YES)'
[22:40:44] [ERROR] CConnection::CConnection - establishing connection to MySQL database failed: #1045 'Access denied for user 'username'@'localhost' (using password: YES)'
[22:40:44] [ERROR] CConnection::CConnection - establishing connection to MySQL database failed: #1045 'Access denied for user 'username'@'localhost' (using password: YES)'
[22:40:44] [ERROR] CConnection::CConnection - establishing connection to MySQL database failed: #1045 'Access denied for user 'username'@'localhost' (using password: YES)'
[22:40:44] [ERROR] CConnection::CConnection - establishing connection to MySQL database failed: #1045 'Access denied for user 'username'@'localhost' (using password: YES)'
[22:41:08] [ERROR] CConnection::CConnection - establishing connection to MySQL database failed: #1045 'Access denied for user 'username'@'localhost' (using password: YES)'
[22:41:08] [ERROR] CConnection::CConnection - establishing connection to MySQL database failed: #1045 'Access denied for user 'username'@'localhost' (using password: YES)'
[22:41:08] [ERROR] CConnection::CConnection - establishing connection to MySQL database failed: #1045 'Access denied for user 'username'@'localhost' (using password: YES)'
[22:41:08] [ERROR] CConnection::CConnection - establishing connection to MySQL database failed: #1045 'Access denied for user 'username'@'localhost' (using password: YES)'
[22:41:33] [ERROR] CConnection::CConnection - establishing connection to MySQL database failed: #1045 'Access denied for user 'username'@'localhost' (using password: YES)'
[22:41:33] [ERROR] CConnection::CConnection - establishing connection to MySQL database failed: #1045 'Access denied for user 'username'@'localhost' (using password: YES)'
[22:41:33] [ERROR] CConnection::CConnection - establishing connection to MySQL database failed: #1045 'Access denied for user 'username'@'localhost' (using password: YES)'
[22:41:33] [ERROR] CConnection::CConnection - establishing connection to MySQL database failed: #1045 'Access denied for user 'username'@'localhost' (using password: YES)'
[22:41:36] [ERROR] CConnection::CConnection - establishing connection to MySQL database failed: #1045 'Access denied for user 'username'@'localhost' (using password: YES)'
[22:41:36] [ERROR] CConnection::CConnection - establishing connection to MySQL database failed: #1045 'Access denied for user 'username'@'localhost' (using password: YES)'
[22:41:36] [ERROR] CConnection::CConnection - establishing connection to MySQL database failed: #1045 'Access denied for user 'username'@'localhost' (using password: YES)'
[22:41:36] [ERROR] CConnection::CConnection - establishing connection to MySQL database failed: #1045 'Access denied for user 'username'@'localhost' (using password: YES)'
[22:42:25] [ERROR] CConnection::CConnection - establishing connection to MySQL database failed: #1045 'Access denied for user 'username'@'localhost' (using password: YES)'
[22:42:25] [ERROR] CConnection::CConnection - establishing connection to MySQL database failed: #1045 'Access denied for user 'username'@'localhost' (using password: YES)'
[22:42:25] [ERROR] CConnection::CConnection - establishing connection to MySQL database failed: #1045 'Access denied for user 'username'@'localhost' (using password: YES)'
[22:42:25] [ERROR] CConnection::CConnection - establishing connection to MySQL database failed: #1045 'Access denied for user 'username'@'localhost' (using password: YES)'
[23:10:36] [ERROR] error #1146 while executing query "SELECT * FROM users WHERE username = ''": Table 'module.users' doesn't exist (gamemodes\../modules/core/database.inc:20 -> gamemodes\base.inc:40)
[23:31:45] [ERROR] error #1146 while executing query "SELECT * FROM users WHERE username = ''": Table 'module.users' doesn't exist (gamemodes\../modules/core/database.inc:20 -> gamemodes\../modules/core/player.inc:16 -> gamemodes\base.inc:40)
[23:32:34] [ERROR] error #1146 while executing query "SELECT * FROM users WHERE username = ''": Table 'module.users' doesn't exist (gamemodes\../modules/core/database.inc:20 -> gamemodes\../modules/core/player.inc:16 -> gamemodes\base.inc:40)
[23:33:46] [ERROR] error #1146 while executing query "SELECT * FROM users WHERE username = ''": Table 'module.users' doesn't exist (gamemodes\../modules/core/database.inc:21 -> gamemodes\../modules/core/player.inc:16 -> gamemodes\base.inc:40)
[23:33:57] [ERROR] error #1146 while executing query "SELECT * FROM users WHERE username = ''": Table 'module.users' doesn't exist (gamemodes\../modules/core/database.inc:21 -> gamemodes\../modules/core/player.inc:16 -> gamemodes\base.inc:40)
[23:36:16] [ERROR] error #1146 while executing query "SELECT * FROM users WHERE username = 'Easy_Code'": Table 'module.users' doesn't exist (gamemodes\../modules/core/database.inc:21 -> gamemodes\../modules/core/player.inc:16 -> gamemodes\base.inc:40)
[23:39:18] [ERROR] error #1146 while executing query "SELECT * FROM users WHERE username = ''": Table 'module.users' doesn't exist (gamemodes\../modules/core/database.inc:25 -> gamemodes\../modules/core/player.inc:16 -> gamemodes\base.inc:40)
[23:42:26] [ERROR] error #1146 while executing query "SELECT * FROM users WHERE username = ''": Table 'module.users' doesn't exist (gamemodes\../modules/core/database.inc:26 -> gamemodes\../modules/core/player.inc:17 -> gamemodes\base.inc:40)
[23:43:54] [ERROR] error #1146 while executing query "SELECT * FROM users WHERE username = ''": Table 'module.users' doesn't exist (gamemodes\../modules/core/database.inc:26 -> gamemodes\../modules/core/player.inc:17 -> gamemodes\base.inc:40)
[23:47:48] [ERROR] error #1146 while executing query "SELECT * FROM users WHERE username = 'E'": Table 'module.users' doesn't exist (gamemodes\../modules/core/database.inc:26 -> gamemodes\../modules/core/player.inc:17 -> gamemodes\base.inc:40)
[23:52:44] [ERROR] error #1146 while executing query "SELECT * FROM users WHERE username = 'Easy_Code'": Table 'module.users' doesn't exist (gamemodes\../modules/core/database.inc:26 -> gamemodes\../modules/core/player.inc:17 -> gamemodes\base.inc:40)
